<?xml version="1.0" encoding="UTF-8"?>
<testsuite xmlns:xsi="http://www.w3.org/2001/XMLSchema-instance" xsi:noNamespaceSchemaLocation="https://maven.apache.org/surefire/maven-surefire-plugin/xsd/surefire-test-report-3.0.xsd" version="3.0" name="com.happiest.minds.sftpapplication.controller.RolePermissionControllerTest" time="0.058" tests="2" errors="0" skipped="0" failures="0">
  <properties>
[...]
</properties>
  <testcase name="testAddPermissionToRoleSuccess" classname="com.happiest.minds.sftpapplication.controller.RolePermissionControllerTest" time="0.045">
    <system-out><![CDATA[14:43:36.114 [main] INFO com.happiest.minds.sftpapplication.controller.RolePermissionController -- rolePermissionDTO: RolePermissionDTO(roleId=null, permissionId=null)
14:43:36.115 [main] INFO com.happiest.minds.sftpapplication.controller.RolePermissionController -- rolePermission: RolePermission(roleId=null, permissionId=null)
]]></system-out>
  </testcase>
  <testcase name="testDeletePermissionOfRoleSuccess" classname="com.happiest.minds.sftpapplication.controller.RolePermissionControllerTest" time="0.009">
    <system-out><![CDATA[14:43:36.125 [main] INFO com.happiest.minds.sftpapplication.controller.RolePermissionController -- rolePermissionDTO: RolePermissionDTO(roleId=null, permissionId=null)
]]></system-out>
  </testcase>
</testsuite>